mode: atomic
github.com/dl-alexandre/abc/internal/api/client.go:51.53,53.19 2 2
github.com/dl-alexandre/abc/internal/api/client.go:53.19,55.3 1 1
github.com/dl-alexandre/abc/internal/api/client.go:57.2,63.16 6 2
github.com/dl-alexandre/abc/internal/api/client.go:63.16,65.3 1 0
github.com/dl-alexandre/abc/internal/api/client.go:67.2,73.8 1 2
github.com/dl-alexandre/abc/internal/api/client.go:77.57,79.81 1 0
github.com/dl-alexandre/abc/internal/api/client.go:79.81,81.3 1 0
github.com/dl-alexandre/abc/internal/api/client.go:84.2,95.16 6 0
github.com/dl-alexandre/abc/internal/api/client.go:95.16,97.3 1 0
github.com/dl-alexandre/abc/internal/api/client.go:99.2,99.40 1 0
github.com/dl-alexandre/abc/internal/api/client.go:99.40,101.3 1 0
github.com/dl-alexandre/abc/internal/api/client.go:103.2,104.64 2 0
github.com/dl-alexandre/abc/internal/api/client.go:104.64,106.3 1 0
github.com/dl-alexandre/abc/internal/api/client.go:108.2,114.12 4 0
github.com/dl-alexandre/abc/internal/api/client.go:118.114,119.43 1 0
github.com/dl-alexandre/abc/internal/api/client.go:119.43,121.3 1 0
github.com/dl-alexandre/abc/internal/api/client.go:123.2,126.17 2 0
github.com/dl-alexandre/abc/internal/api/client.go:126.17,128.3 1 0
github.com/dl-alexandre/abc/internal/api/client.go:130.2,130.19 1 0
github.com/dl-alexandre/abc/internal/api/client.go:130.19,132.3 1 0
github.com/dl-alexandre/abc/internal/api/client.go:134.2,137.33 3 0
github.com/dl-alexandre/abc/internal/api/client.go:138.13,139.28 1 0
github.com/dl-alexandre/abc/internal/api/client.go:140.14,141.29 1 0
github.com/dl-alexandre/abc/internal/api/client.go:142.13,143.28 1 0
github.com/dl-alexandre/abc/internal/api/client.go:144.15,145.30 1 0
github.com/dl-alexandre/abc/internal/api/client.go:146.16,147.31 1 0
github.com/dl-alexandre/abc/internal/api/client.go:148.10,149.59 1 0
github.com/dl-alexandre/abc/internal/api/client.go:152.2,152.16 1 0
github.com/dl-alexandre/abc/internal/api/client.go:152.16,154.3 1 0
github.com/dl-alexandre/abc/internal/api/client.go:156.2,156.30 1 0
github.com/dl-alexandre/abc/internal/api/client.go:156.30,158.3 1 0
github.com/dl-alexandre/abc/internal/api/client.go:160.2,160.57 1 0
github.com/dl-alexandre/abc/internal/api/client.go:160.57,161.61 1 0
github.com/dl-alexandre/abc/internal/api/client.go:161.61,163.4 1 0
github.com/dl-alexandre/abc/internal/api/client.go:166.2,166.12 1 0
github.com/dl-alexandre/abc/internal/api/client.go:170.58,172.98 2 0
github.com/dl-alexandre/abc/internal/api/client.go:172.98,175.3 2 0
github.com/dl-alexandre/abc/internal/api/client.go:177.2,182.3 1 0
github.com/dl-alexandre/abc/internal/api/client.go:196.43,197.31 1 2
github.com/dl-alexandre/abc/internal/api/client.go:197.31,199.3 1 1
github.com/dl-alexandre/abc/internal/api/client.go:200.2,200.78 1 1
github.com/dl-alexandre/abc/internal/api/client.go:208.40,210.2 1 1
github.com/dl-alexandre/abc/internal/api/locations.go:11.128,14.21 3 0
github.com/dl-alexandre/abc/internal/api/locations.go:14.21,16.3 1 0
github.com/dl-alexandre/abc/internal/api/locations.go:17.2,17.15 1 0
github.com/dl-alexandre/abc/internal/api/locations.go:17.15,19.3 1 0
github.com/dl-alexandre/abc/internal/api/locations.go:20.2,20.21 1 0
github.com/dl-alexandre/abc/internal/api/locations.go:20.21,22.3 1 0
github.com/dl-alexandre/abc/internal/api/locations.go:23.2,23.21 1 0
github.com/dl-alexandre/abc/internal/api/locations.go:23.21,25.3 1 0
github.com/dl-alexandre/abc/internal/api/locations.go:27.2,28.68 2 0
github.com/dl-alexandre/abc/internal/api/locations.go:28.68,30.3 1 0
github.com/dl-alexandre/abc/internal/api/locations.go:32.2,32.21 1 0
github.com/dl-alexandre/abc/internal/api/locations.go:36.89,40.68 3 0
github.com/dl-alexandre/abc/internal/api/locations.go:40.68,41.92 1 0
github.com/dl-alexandre/abc/internal/api/locations.go:41.92,43.4 1 0
github.com/dl-alexandre/abc/internal/api/locations.go:44.3,44.60 1 0
github.com/dl-alexandre/abc/internal/api/locations.go:47.2,47.21 1 0
github.com/dl-alexandre/abc/internal/api/locations.go:51.93,55.74 3 0
github.com/dl-alexandre/abc/internal/api/locations.go:55.74,57.3 1 0
github.com/dl-alexandre/abc/internal/api/locations.go:59.2,59.21 1 0
github.com/dl-alexandre/abc/internal/api/locations.go:63.112,67.75 3 0
github.com/dl-alexandre/abc/internal/api/locations.go:67.75,69.3 1 0
github.com/dl-alexandre/abc/internal/api/locations.go:71.2,71.21 1 0
github.com/dl-alexandre/abc/internal/api/locations.go:75.79,78.67 2 0
github.com/dl-alexandre/abc/internal/api/locations.go:78.67,80.3 1 0
github.com/dl-alexandre/abc/internal/api/locations.go:82.2,82.12 1 0
github.com/dl-alexandre/abc/internal/api/locations.go:86.129,89.15 3 0
github.com/dl-alexandre/abc/internal/api/locations.go:89.15,91.3 1 0
github.com/dl-alexandre/abc/internal/api/locations.go:92.2,92.21 1 0
github.com/dl-alexandre/abc/internal/api/locations.go:92.21,94.3 1 0
github.com/dl-alexandre/abc/internal/api/locations.go:95.2,95.21 1 0
github.com/dl-alexandre/abc/internal/api/locations.go:95.21,97.3 1 0
github.com/dl-alexandre/abc/internal/api/locations.go:99.2,100.68 2 0
github.com/dl-alexandre/abc/internal/api/locations.go:100.68,102.3 1 0
github.com/dl-alexandre/abc/internal/api/locations.go:104.2,104.21 1 0
github.com/dl-alexandre/abc/internal/api/locations.go:108.101,112.68 3 0
github.com/dl-alexandre/abc/internal/api/locations.go:112.68,113.92 1 0
github.com/dl-alexandre/abc/internal/api/locations.go:113.92,115.4 1 0
github.com/dl-alexandre/abc/internal/api/locations.go:116.3,116.60 1 0
github.com/dl-alexandre/abc/internal/api/locations.go:119.2,119.21 1 0
github.com/dl-alexandre/abc/internal/api/locations.go:123.112,127.74 3 0
github.com/dl-alexandre/abc/internal/api/locations.go:127.74,129.3 1 0
github.com/dl-alexandre/abc/internal/api/locations.go:131.2,131.21 1 0
github.com/dl-alexandre/abc/internal/api/locations.go:135.124,139.75 3 0
github.com/dl-alexandre/abc/internal/api/locations.go:139.75,141.3 1 0
github.com/dl-alexandre/abc/internal/api/locations.go:143.2,143.21 1 0
github.com/dl-alexandre/abc/internal/api/locations.go:147.91,150.67 2 0
github.com/dl-alexandre/abc/internal/api/locations.go:150.67,152.3 1 0
github.com/dl-alexandre/abc/internal/api/locations.go:154.2,154.12 1 0
github.com/dl-alexandre/abc/internal/api/locations.go:158.132,161.18 3 0
github.com/dl-alexandre/abc/internal/api/locations.go:161.18,163.3 1 0
github.com/dl-alexandre/abc/internal/api/locations.go:164.2,164.21 1 0
github.com/dl-alexandre/abc/internal/api/locations.go:164.21,166.3 1 0
github.com/dl-alexandre/abc/internal/api/locations.go:167.2,167.19 1 0
github.com/dl-alexandre/abc/internal/api/locations.go:167.19,169.3 1 0
github.com/dl-alexandre/abc/internal/api/locations.go:170.2,170.21 1 0
github.com/dl-alexandre/abc/internal/api/locations.go:170.21,172.3 1 0
github.com/dl-alexandre/abc/internal/api/locations.go:174.2,175.68 2 0
github.com/dl-alexandre/abc/internal/api/locations.go:175.68,177.3 1 0
github.com/dl-alexandre/abc/internal/api/locations.go:179.2,179.21 1 0
github.com/dl-alexandre/abc/internal/config/config.go:58.41,68.28 6 0
github.com/dl-alexandre/abc/internal/config/config.go:68.28,70.3 1 0
github.com/dl-alexandre/abc/internal/config/config.go:70.8,76.3 4 0
github.com/dl-alexandre/abc/internal/config/config.go:79.2,84.41 4 0
github.com/dl-alexandre/abc/internal/config/config.go:84.41,85.56 1 0
github.com/dl-alexandre/abc/internal/config/config.go:85.56,87.4 1 0
github.com/dl-alexandre/abc/internal/config/config.go:92.2,92.24 1 0
github.com/dl-alexandre/abc/internal/config/config.go:92.24,94.3 1 0
github.com/dl-alexandre/abc/internal/config/config.go:95.2,95.24 1 0
github.com/dl-alexandre/abc/internal/config/config.go:95.24,97.3 1 0
github.com/dl-alexandre/abc/internal/config/config.go:98.2,98.19 1 0
github.com/dl-alexandre/abc/internal/config/config.go:98.19,100.3 1 0
github.com/dl-alexandre/abc/internal/config/config.go:101.2,101.26 1 0
github.com/dl-alexandre/abc/internal/config/config.go:101.26,103.3 1 0
github.com/dl-alexandre/abc/internal/config/config.go:104.2,104.25 1 0
github.com/dl-alexandre/abc/internal/config/config.go:104.25,106.3 1 0
github.com/dl-alexandre/abc/internal/config/config.go:108.2,109.42 2 0
github.com/dl-alexandre/abc/internal/config/config.go:109.42,111.3 1 0
github.com/dl-alexandre/abc/internal/config/config.go:114.2,114.25 1 0
github.com/dl-alexandre/abc/internal/config/config.go:114.25,116.3 1 0
github.com/dl-alexandre/abc/internal/config/config.go:119.2,119.23 1 0
github.com/dl-alexandre/abc/internal/config/config.go:119.23,120.58 1 0
github.com/dl-alexandre/abc/internal/config/config.go:120.58,122.4 1 0
github.com/dl-alexandre/abc/internal/config/config.go:126.2,126.58 1 0
github.com/dl-alexandre/abc/internal/config/config.go:126.58,127.48 1 0
github.com/dl-alexandre/abc/internal/config/config.go:127.48,128.30 1 0
github.com/dl-alexandre/abc/internal/config/config.go:128.30,130.5 1 0
github.com/dl-alexandre/abc/internal/config/config.go:131.4,131.34 1 0
github.com/dl-alexandre/abc/internal/config/config.go:131.34,133.5 1 0
github.com/dl-alexandre/abc/internal/config/config.go:137.2,137.18 1 0
github.com/dl-alexandre/abc/internal/config/config.go:141.28,143.64 1 1
github.com/dl-alexandre/abc/internal/config/config.go:143.64,145.3 1 0
github.com/dl-alexandre/abc/internal/config/config.go:148.2,149.16 2 1
github.com/dl-alexandre/abc/internal/config/config.go:149.16,151.3 1 0
github.com/dl-alexandre/abc/internal/config/config.go:153.2,153.46 1 1
github.com/dl-alexandre/abc/internal/config/config.go:157.30,166.53 5 0
github.com/dl-alexandre/abc/internal/config/config.go:166.53,168.3 1 0
github.com/dl-alexandre/abc/internal/config/config.go:171.2,174.40 3 0
github.com/dl-alexandre/abc/internal/config/config.go:174.40,176.3 1 0
github.com/dl-alexandre/abc/internal/config/config.go:178.2,178.12 1 0
github.com/dl-alexandre/abc/internal/config/config.go:182.40,184.2 1 1
github.com/dl-alexandre/abc/internal/config/config.go:187.39,189.2 1 1
github.com/dl-alexandre/abc/internal/config/config.go:192.46,194.2 1 0
github.com/dl-alexandre/abc/internal/blast/blast.go:20.37,29.2 1 0
github.com/dl-alexandre/abc/internal/blast/blast.go:55.54,66.56 2 0
github.com/dl-alexandre/abc/internal/blast/blast.go:66.56,71.3 4 0
github.com/dl-alexandre/abc/internal/blast/blast.go:73.2,73.56 1 0
github.com/dl-alexandre/abc/internal/blast/blast.go:73.56,78.3 4 0
github.com/dl-alexandre/abc/internal/blast/blast.go:80.2,80.60 1 0
github.com/dl-alexandre/abc/internal/blast/blast.go:80.60,85.3 4 0
github.com/dl-alexandre/abc/internal/blast/blast.go:88.2,88.28 1 0
github.com/dl-alexandre/abc/internal/blast/blast.go:88.28,93.67 4 0
github.com/dl-alexandre/abc/internal/blast/blast.go:93.67,99.4 4 0
github.com/dl-alexandre/abc/internal/blast/blast.go:101.3,101.67 1 0
github.com/dl-alexandre/abc/internal/blast/blast.go:101.67,107.4 4 0
github.com/dl-alexandre/abc/internal/blast/blast.go:109.3,109.67 1 0
github.com/dl-alexandre/abc/internal/blast/blast.go:109.67,115.4 4 0
github.com/dl-alexandre/abc/internal/blast/blast.go:118.2,118.15 1 0
github.com/dl-alexandre/abc/internal/blast/blast.go:122.36,123.15 1 0
github.com/dl-alexandre/abc/internal/blast/blast.go:123.15,125.3 1 0
github.com/dl-alexandre/abc/internal/blast/blast.go:126.2,126.12 1 0
github.com/dl-alexandre/abc/internal/blast/blast.go:130.43,133.22 2 0
github.com/dl-alexandre/abc/internal/blast/blast.go:133.22,135.3 1 0
github.com/dl-alexandre/abc/internal/blast/blast.go:136.2,136.22 1 0
github.com/dl-alexandre/abc/internal/blast/blast.go:136.22,138.3 1 0
github.com/dl-alexandre/abc/internal/blast/blast.go:139.2,139.24 1 0
github.com/dl-alexandre/abc/internal/blast/blast.go:139.24,141.3 1 0
github.com/dl-alexandre/abc/internal/blast/blast.go:142.2,142.28 1 0
github.com/dl-alexandre/abc/internal/blast/blast.go:142.28,144.3 1 0
github.com/dl-alexandre/abc/internal/blast/blast.go:145.2,145.28 1 0
github.com/dl-alexandre/abc/internal/blast/blast.go:145.28,147.3 1 0
github.com/dl-alexandre/abc/internal/blast/blast.go:148.2,148.28 1 0
github.com/dl-alexandre/abc/internal/blast/blast.go:148.28,150.3 1 0
github.com/dl-alexandre/abc/internal/blast/blast.go:152.2,152.21 1 0
github.com/dl-alexandre/abc/internal/blast/blast.go:152.21,154.3 1 0
github.com/dl-alexandre/abc/internal/blast/blast.go:156.2,156.44 1 0
github.com/dl-alexandre/abc/internal/blast/blast.go:159.39,160.21 1 0
github.com/dl-alexandre/abc/internal/blast/blast.go:160.21,162.3 1 0
github.com/dl-alexandre/abc/internal/blast/blast.go:163.2,163.21 1 0
github.com/dl-alexandre/abc/internal/blast/blast.go:163.21,165.3 1 0
github.com/dl-alexandre/abc/internal/blast/blast.go:166.2,166.21 1 0
github.com/dl-alexandre/abc/internal/blast/blast.go:166.21,168.3 1 0
github.com/dl-alexandre/abc/internal/blast/blast.go:170.2,171.29 2 0
github.com/dl-alexandre/abc/internal/blast/blast.go:171.29,172.12 1 0
github.com/dl-alexandre/abc/internal/blast/blast.go:172.12,174.4 1 0
github.com/dl-alexandre/abc/internal/blast/blast.go:175.3,175.24 1 0
github.com/dl-alexandre/abc/internal/blast/blast.go:175.24,177.4 1 0
github.com/dl-alexandre/abc/internal/blast/blast.go:178.3,178.17 1 0
github.com/dl-alexandre/abc/internal/blast/blast.go:180.2,180.15 1 0
github.com/dl-alexandre/abc/internal/blast/blast.go:184.46,185.13 1 0
github.com/dl-alexandre/abc/internal/blast/blast.go:185.13,187.3 1 0
github.com/dl-alexandre/abc/internal/blast/blast.go:188.2,190.16 3 0
github.com/dl-alexandre/abc/internal/blast/blast.go:190.16,192.3 1 0
github.com/dl-alexandre/abc/internal/blast/blast.go:193.2,193.26 1 0
github.com/dl-alexandre/abc/internal/blast/blast.go:193.26,195.3 1 0
github.com/dl-alexandre/abc/internal/blast/blast.go:196.2,196.17 1 0
github.com/dl-alexandre/abc/internal/blast/blast.go:199.35,200.38 1 0
github.com/dl-alexandre/abc/internal/blast/blast.go:200.38,202.3 1 0
github.com/dl-alexandre/abc/internal/blast/blast.go:203.2,203.10 1 0
github.com/dl-alexandre/abc/internal/blast/blast.go:206.44,208.2 1 0
github.com/dl-alexandre/abc/internal/blast/blast.go:211.53,212.9 1 0
github.com/dl-alexandre/abc/internal/blast/blast.go:213.27,219.4 1 0
github.com/dl-alexandre/abc/internal/blast/blast.go:220.28,229.4 1 0
github.com/dl-alexandre/abc/internal/blast/blast.go:230.10,239.4 1 0
github.com/dl-alexandre/abc/internal/cache/cache.go:27.48,32.2 1 0
github.com/dl-alexandre/abc/internal/cache/cache.go:35.82,40.2 3 0
github.com/dl-alexandre/abc/internal/cache/cache.go:43.48,47.16 3 0
github.com/dl-alexandre/abc/internal/cache/cache.go:47.16,49.3 1 0
github.com/dl-alexandre/abc/internal/cache/cache.go:51.2,52.53 2 0
github.com/dl-alexandre/abc/internal/cache/cache.go:52.53,54.3 1 0
github.com/dl-alexandre/abc/internal/cache/cache.go:57.2,57.41 1 0
github.com/dl-alexandre/abc/internal/cache/cache.go:57.41,60.3 2 0
github.com/dl-alexandre/abc/internal/cache/cache.go:62.2,62.25 1 0
github.com/dl-alexandre/abc/internal/cache/cache.go:66.52,70.62 2 0
github.com/dl-alexandre/abc/internal/cache/cache.go:70.62,72.3 1 0
github.com/dl-alexandre/abc/internal/cache/cache.go:74.2,81.16 3 0
github.com/dl-alexandre/abc/internal/cache/cache.go:81.16,83.3 1 0
github.com/dl-alexandre/abc/internal/cache/cache.go:85.2,85.58 1 0
github.com/dl-alexandre/abc/internal/cache/cache.go:85.58,87.3 1 0
github.com/dl-alexandre/abc/internal/cache/cache.go:89.2,89.12 1 0
github.com/dl-alexandre/abc/internal/cache/cache.go:93.42,96.2 2 0
github.com/dl-alexandre/abc/internal/cache/cache.go:99.31,101.2 1 0
github.com/dl-alexandre/abc/internal/cache/cache.go:104.45,107.2 1 0
github.com/dl-alexandre/abc/internal/cache/cache.go:110.60,111.82 1 0
github.com/dl-alexandre/abc/internal/cache/cache.go:111.82,112.17 1 0
github.com/dl-alexandre/abc/internal/cache/cache.go:112.17,114.4 1 0
github.com/dl-alexandre/abc/internal/cache/cache.go:115.3,115.20 1 0
github.com/dl-alexandre/abc/internal/cache/cache.go:115.20,118.4 2 0
github.com/dl-alexandre/abc/internal/cache/cache.go:119.3,119.13 1 0
github.com/dl-alexandre/abc/internal/cache/cache.go:121.2,121.8 1 0
github.com/dl-alexandre/abc/internal/cache/cache.go:125.33,126.83 1 0
github.com/dl-alexandre/abc/internal/cache/cache.go:126.83,127.17 1 0
github.com/dl-alexandre/abc/internal/cache/cache.go:127.17,129.4 1 0
github.com/dl-alexandre/abc/internal/cache/cache.go:130.3,130.19 1 0
github.com/dl-alexandre/abc/internal/cache/cache.go:130.19,132.4 1 0
github.com/dl-alexandre/abc/internal/cache/cache.go:134.3,135.17 2 0
github.com/dl-alexandre/abc/internal/cache/cache.go:135.17,137.4 1 0
github.com/dl-alexandre/abc/internal/cache/cache.go:139.3,140.54 2 0
github.com/dl-alexandre/abc/internal/cache/cache.go:140.54,143.4 2 0
github.com/dl-alexandre/abc/internal/cache/cache.go:145.3,146.40 2 0
github.com/dl-alexandre/abc/internal/cache/cache.go:146.40,148.4 1 0
github.com/dl-alexandre/abc/internal/cache/cache.go:150.3,150.13 1 0
github.com/dl-alexandre/abc/cmd/abc/main.go:18.13,32.32 3 0
github.com/dl-alexandre/abc/cmd/abc/main.go:32.32,35.3 2 0
github.com/dl-alexandre/abc/cmd/abc/main.go:37.2,37.44 1 0
github.com/dl-alexandre/abc/cmd/abc/main.go:37.44,40.3 2 0
github.com/dl-alexandre/abc/internal/auth/auth.go:27.37,28.54 1 0
github.com/dl-alexandre/abc/internal/auth/auth.go:28.54,30.3 1 0
github.com/dl-alexandre/abc/internal/auth/auth.go:33.2,33.78 1 0
github.com/dl-alexandre/abc/internal/auth/auth.go:33.78,35.3 1 0
github.com/dl-alexandre/abc/internal/auth/auth.go:38.2,38.86 1 0
github.com/dl-alexandre/abc/internal/auth/auth.go:38.86,40.3 1 0
github.com/dl-alexandre/abc/internal/auth/auth.go:42.2,42.12 1 0
github.com/dl-alexandre/abc/internal/auth/auth.go:46.39,48.16 2 0
github.com/dl-alexandre/abc/internal/auth/auth.go:48.16,49.33 1 0
github.com/dl-alexandre/abc/internal/auth/auth.go:49.33,51.4 1 0
github.com/dl-alexandre/abc/internal/auth/auth.go:52.3,52.79 1 0
github.com/dl-alexandre/abc/internal/auth/auth.go:55.2,56.16 2 0
github.com/dl-alexandre/abc/internal/auth/auth.go:56.16,57.33 1 0
github.com/dl-alexandre/abc/internal/auth/auth.go:57.33,59.4 1 0
github.com/dl-alexandre/abc/internal/auth/auth.go:60.3,60.83 1 0
github.com/dl-alexandre/abc/internal/auth/auth.go:63.2,66.8 1 0
github.com/dl-alexandre/abc/internal/auth/auth.go:70.21,78.2 3 0
github.com/dl-alexandre/abc/internal/auth/auth.go:81.19,83.16 2 0
github.com/dl-alexandre/abc/internal/auth/auth.go:83.16,85.3 1 0
github.com/dl-alexandre/abc/internal/auth/auth.go:86.2,87.19 2 0
github.com/dl-alexandre/abc/internal/sync/sync.go:53.68,67.2 1 0
github.com/dl-alexandre/abc/internal/sync/sync.go:114.50,116.13 2 0
github.com/dl-alexandre/abc/internal/sync/sync.go:117.14,118.41 1 0
github.com/dl-alexandre/abc/internal/sync/sync.go:119.15,120.42 1 0
github.com/dl-alexandre/abc/internal/sync/sync.go:121.10,122.86 1 0
github.com/dl-alexandre/abc/internal/sync/sync.go:127.67,129.16 2 0
github.com/dl-alexandre/abc/internal/sync/sync.go:129.16,131.3 1 0
github.com/dl-alexandre/abc/internal/sync/sync.go:132.2,134.18 2 0
github.com/dl-alexandre/abc/internal/sync/sync.go:135.17,136.26 1 0
github.com/dl-alexandre/abc/internal/sync/sync.go:137.18,138.27 1 0
github.com/dl-alexandre/abc/internal/sync/sync.go:139.10,140.57 1 0
github.com/dl-alexandre/abc/internal/sync/sync.go:145.68,149.16 3 0
github.com/dl-alexandre/abc/internal/sync/sync.go:149.16,151.3 1 0
github.com/dl-alexandre/abc/internal/sync/sync.go:154.2,154.49 1 0
github.com/dl-alexandre/abc/internal/sync/sync.go:154.49,156.3 1 0
github.com/dl-alexandre/abc/internal/sync/sync.go:159.2,159.43 1 0
github.com/dl-alexandre/abc/internal/sync/sync.go:159.43,161.3 1 0
github.com/dl-alexandre/abc/internal/sync/sync.go:163.2,164.60 2 0
github.com/dl-alexandre/abc/internal/sync/sync.go:164.60,166.3 1 0
github.com/dl-alexandre/abc/internal/sync/sync.go:168.2,168.21 1 0
github.com/dl-alexandre/abc/internal/sync/sync.go:172.69,175.49 3 0
github.com/dl-alexandre/abc/internal/sync/sync.go:175.49,177.3 1 0
github.com/dl-alexandre/abc/internal/sync/sync.go:178.2,178.21 1 0
github.com/dl-alexandre/abc/internal/sync/sync.go:182.46,185.28 3 0
github.com/dl-alexandre/abc/internal/sync/sync.go:185.28,187.3 1 0
github.com/dl-alexandre/abc/internal/sync/sync.go:189.2,190.31 2 0
github.com/dl-alexandre/abc/internal/sync/sync.go:190.31,191.22 1 0
github.com/dl-alexandre/abc/internal/sync/sync.go:191.22,193.4 1 0
github.com/dl-alexandre/abc/internal/sync/sync.go:196.2,196.22 1 0
github.com/dl-alexandre/abc/internal/sync/sync.go:196.22,198.3 1 0
github.com/dl-alexandre/abc/internal/sync/sync.go:200.2,200.12 1 0
github.com/dl-alexandre/abc/internal/sync/sync.go:204.56,206.33 2 0
github.com/dl-alexandre/abc/internal/sync/sync.go:206.33,207.24 1 0
github.com/dl-alexandre/abc/internal/sync/sync.go:207.24,209.4 1 0
github.com/dl-alexandre/abc/internal/sync/sync.go:210.3,210.26 1 0
github.com/dl-alexandre/abc/internal/sync/sync.go:210.26,212.4 1 0
github.com/dl-alexandre/abc/internal/sync/sync.go:213.3,213.24 1 0
github.com/dl-alexandre/abc/internal/sync/sync.go:213.24,215.4 1 0
github.com/dl-alexandre/abc/internal/sync/sync.go:216.3,216.26 1 0
github.com/dl-alexandre/abc/internal/sync/sync.go:216.26,218.4 1 0
github.com/dl-alexandre/abc/internal/sync/sync.go:219.3,219.30 1 0
github.com/dl-alexandre/abc/internal/sync/sync.go:219.30,221.4 1 0
github.com/dl-alexandre/abc/internal/sync/sync.go:222.3,222.27 1 0
github.com/dl-alexandre/abc/internal/sync/sync.go:222.27,224.4 1 0
github.com/dl-alexandre/abc/internal/sync/sync.go:226.2,226.13 1 0
github.com/dl-alexandre/abc/internal/sync/sync.go:230.56,242.19 2 0
github.com/dl-alexandre/abc/internal/sync/sync.go:242.19,244.3 1 0
github.com/dl-alexandre/abc/internal/sync/sync.go:246.2,246.22 1 0
github.com/dl-alexandre/abc/internal/sync/sync.go:246.22,248.3 1 0
github.com/dl-alexandre/abc/internal/sync/sync.go:250.2,250.12 1 0
github.com/dl-alexandre/abc/internal/sync/sync.go:260.79,265.2 1 0
github.com/dl-alexandre/abc/internal/sync/sync.go:268.44,275.40 3 0
github.com/dl-alexandre/abc/internal/sync/sync.go:275.40,279.3 2 0
github.com/dl-alexandre/abc/internal/sync/sync.go:282.2,283.37 2 0
github.com/dl-alexandre/abc/internal/sync/sync.go:283.37,284.26 1 0
github.com/dl-alexandre/abc/internal/sync/sync.go:284.26,286.4 1 0
github.com/dl-alexandre/abc/internal/sync/sync.go:290.2,290.39 1 0
github.com/dl-alexandre/abc/internal/sync/sync.go:290.39,292.16 2 0
github.com/dl-alexandre/abc/internal/sync/sync.go:292.16,294.4 1 0
github.com/dl-alexandre/abc/internal/sync/sync.go:296.3,296.47 1 0
github.com/dl-alexandre/abc/internal/sync/sync.go:296.47,299.22 2 0
github.com/dl-alexandre/abc/internal/sync/sync.go:299.22,308.5 2 0
github.com/dl-alexandre/abc/internal/sync/sync.go:308.10,316.5 2 0
github.com/dl-alexandre/abc/internal/sync/sync.go:317.9,325.4 2 0
github.com/dl-alexandre/abc/internal/sync/sync.go:328.2,328.15 1 0
github.com/dl-alexandre/abc/internal/sync/sync.go:332.47,341.2 1 0
github.com/dl-alexandre/abc/internal/sync/sync.go:344.57,351.2 1 0
github.com/dl-alexandre/abc/internal/sync/sync.go:354.77,357.47 2 0
github.com/dl-alexandre/abc/internal/sync/sync.go:357.47,359.3 1 0
github.com/dl-alexandre/abc/internal/sync/sync.go:361.2,361.39 1 0
github.com/dl-alexandre/abc/internal/sync/sync.go:361.39,363.3 1 0
github.com/dl-alexandre/abc/internal/sync/sync.go:366.2,366.57 1 0
github.com/dl-alexandre/abc/internal/sync/sync.go:366.57,368.3 1 0
github.com/dl-alexandre/abc/internal/sync/sync.go:369.2,369.50 1 0
github.com/dl-alexandre/abc/internal/sync/sync.go:369.50,371.3 1 0
github.com/dl-alexandre/abc/internal/sync/sync.go:372.2,372.50 1 0
github.com/dl-alexandre/abc/internal/sync/sync.go:372.50,374.3 1 0
github.com/dl-alexandre/abc/internal/sync/sync.go:375.2,375.58 1 0
github.com/dl-alexandre/abc/internal/sync/sync.go:375.58,377.3 1 0
github.com/dl-alexandre/abc/internal/sync/sync.go:378.2,378.52 1 0
github.com/dl-alexandre/abc/internal/sync/sync.go:378.52,380.3 1 0
github.com/dl-alexandre/abc/internal/sync/sync.go:382.2,382.14 1 0
github.com/dl-alexandre/abc/internal/sync/sync.go:386.39,388.2 1 0
github.com/dl-alexandre/abc/internal/sync/sync.go:391.39,394.2 1 0
github.com/dl-alexandre/abc/internal/sync/sync.go:397.37,398.20 1 0
github.com/dl-alexandre/abc/internal/sync/sync.go:398.20,400.36 2 0
github.com/dl-alexandre/abc/internal/sync/sync.go:400.36,401.35 1 0
github.com/dl-alexandre/abc/internal/sync/sync.go:401.35,406.5 1 0
github.com/dl-alexandre/abc/internal/sync/sync.go:410.2,410.20 1 0
github.com/dl-alexandre/abc/internal/sync/sync.go:410.20,412.36 2 0
github.com/dl-alexandre/abc/internal/sync/sync.go:412.36,413.35 1 0
github.com/dl-alexandre/abc/internal/sync/sync.go:413.35,415.45 2 0
github.com/dl-alexandre/abc/internal/sync/sync.go:415.45,417.6 1 0
github.com/dl-alexandre/abc/internal/sync/sync.go:422.2,422.20 1 0
github.com/dl-alexandre/abc/internal/sync/sync.go:422.20,424.3 1 0
github.com/dl-alexandre/abc/internal/sync/sync.go:426.2,426.23 1 0
github.com/dl-alexandre/abc/internal/sync/sync.go:426.23,428.32 2 0
github.com/dl-alexandre/abc/internal/sync/sync.go:428.32,430.4 1 0
github.com/dl-alexandre/abc/internal/sync/sync.go:433.2,433.35 1 0
github.com/dl-alexandre/abc/internal/sync/sync.go:437.34,438.14 1 0
github.com/dl-alexandre/abc/internal/sync/sync.go:438.14,440.3 1 0
github.com/dl-alexandre/abc/internal/sync/sync.go:441.2,441.25 1 0
github.com/dl-alexandre/abc/internal/sync/sync.go:442.14,443.19 1 0
github.com/dl-alexandre/abc/internal/sync/sync.go:444.16,445.23 1 0
github.com/dl-alexandre/abc/internal/sync/sync.go:446.19,447.47 1 0
github.com/dl-alexandre/abc/internal/sync/sync.go:448.10,449.15 1 0
github.com/dl-alexandre/abc/internal/sync/sync.go:468.45,469.18 1 0
github.com/dl-alexandre/abc/internal/sync/sync.go:469.18,471.3 1 0
github.com/dl-alexandre/abc/internal/sync/sync.go:472.2,476.3 1 0
github.com/dl-alexandre/abc/internal/sync/sync.go:486.39,491.2 1 0
github.com/dl-alexandre/abc/internal/sync/sync.go:495.146,496.12 1 0
github.com/dl-alexandre/abc/internal/sync/sync.go:496.12,503.3 1 0
github.com/dl-alexandre/abc/internal/sync/sync.go:505.2,512.33 4 0
github.com/dl-alexandre/abc/internal/sync/sync.go:512.33,514.3 1 0
github.com/dl-alexandre/abc/internal/sync/sync.go:517.2,517.12 1 0
github.com/dl-alexandre/abc/internal/sync/sync.go:517.12,520.3 2 0
github.com/dl-alexandre/abc/internal/sync/sync.go:522.2,522.32 1 0
github.com/dl-alexandre/abc/internal/sync/sync.go:522.32,524.23 2 0
github.com/dl-alexandre/abc/internal/sync/sync.go:524.23,526.4 1 0
github.com/dl-alexandre/abc/internal/sync/sync.go:526.9,528.4 1 0
github.com/dl-alexandre/abc/internal/sync/sync.go:531.2,531.20 1 0
github.com/dl-alexandre/abc/internal/sync/sync.go:534.117,539.15 3 0
github.com/dl-alexandre/abc/internal/sync/sync.go:539.15,539.32 1 0
github.com/dl-alexandre/abc/internal/sync/sync.go:542.2,542.21 1 0
github.com/dl-alexandre/abc/internal/sync/sync.go:542.21,544.3 1 0
github.com/dl-alexandre/abc/internal/sync/sync.go:546.2,547.21 2 0
github.com/dl-alexandre/abc/internal/sync/sync.go:548.20,550.48 2 0
github.com/dl-alexandre/abc/internal/sync/sync.go:551.20,553.74 2 0
github.com/dl-alexandre/abc/internal/sync/sync.go:556.2,559.3 1 0
github.com/dl-alexandre/abc/internal/sync/sync.go:572.48,573.14 1 0
github.com/dl-alexandre/abc/internal/sync/sync.go:573.14,575.3 1 0
github.com/dl-alexandre/abc/internal/sync/sync.go:576.2,576.81 1 0
github.com/dl-alexandre/abc/internal/output/formatter.go:23.56,28.2 1 0
github.com/dl-alexandre/abc/internal/output/formatter.go:31.66,32.18 1 0
github.com/dl-alexandre/abc/internal/output/formatter.go:33.14,34.32 1 0
github.com/dl-alexandre/abc/internal/output/formatter.go:35.18,36.45 1 0
github.com/dl-alexandre/abc/internal/output/formatter.go:37.15,38.42 1 0
github.com/dl-alexandre/abc/internal/output/formatter.go:39.10,40.56 1 0
github.com/dl-alexandre/abc/internal/output/formatter.go:45.63,46.18 1 0
github.com/dl-alexandre/abc/internal/output/formatter.go:47.14,48.31 1 0
github.com/dl-alexandre/abc/internal/output/formatter.go:49.18,50.43 1 0
github.com/dl-alexandre/abc/internal/output/formatter.go:51.15,52.40 1 0
github.com/dl-alexandre/abc/internal/output/formatter.go:53.10,54.56 1 0
github.com/dl-alexandre/abc/internal/output/formatter.go:59.66,60.18 1 0
github.com/dl-alexandre/abc/internal/output/formatter.go:61.14,62.32 1 0
github.com/dl-alexandre/abc/internal/output/formatter.go:63.18,64.45 1 0
github.com/dl-alexandre/abc/internal/output/formatter.go:65.15,66.42 1 0
github.com/dl-alexandre/abc/internal/output/formatter.go:67.10,68.56 1 0
github.com/dl-alexandre/abc/internal/output/formatter.go:73.63,74.18 1 0
github.com/dl-alexandre/abc/internal/output/formatter.go:75.14,76.31 1 0
github.com/dl-alexandre/abc/internal/output/formatter.go:77.18,78.43 1 0
github.com/dl-alexandre/abc/internal/output/formatter.go:79.15,80.40 1 0
github.com/dl-alexandre/abc/internal/output/formatter.go:81.10,82.56 1 0
github.com/dl-alexandre/abc/internal/output/formatter.go:87.63,88.18 1 0
github.com/dl-alexandre/abc/internal/output/formatter.go:89.14,90.31 1 0
github.com/dl-alexandre/abc/internal/output/formatter.go:91.18,92.43 1 0
github.com/dl-alexandre/abc/internal/output/formatter.go:93.15,94.40 1 0
github.com/dl-alexandre/abc/internal/output/formatter.go:95.10,96.56 1 0
github.com/dl-alexandre/abc/internal/output/formatter.go:101.53,105.2 3 0
github.com/dl-alexandre/abc/internal/output/formatter.go:108.71,109.25 1 0
github.com/dl-alexandre/abc/internal/output/formatter.go:109.25,112.3 2 0
github.com/dl-alexandre/abc/internal/output/formatter.go:114.2,117.16 2 0
github.com/dl-alexandre/abc/internal/output/formatter.go:117.16,118.75 1 0
github.com/dl-alexandre/abc/internal/output/formatter.go:118.75,120.4 1 0
github.com/dl-alexandre/abc/internal/output/formatter.go:123.2,123.32 1 0
github.com/dl-alexandre/abc/internal/output/formatter.go:123.32,136.3 4 0
github.com/dl-alexandre/abc/internal/output/formatter.go:138.2,141.12 3 0
github.com/dl-alexandre/abc/internal/output/formatter.go:145.74,146.25 1 0
github.com/dl-alexandre/abc/internal/output/formatter.go:146.25,149.3 2 0
github.com/dl-alexandre/abc/internal/output/formatter.go:151.2,154.32 3 0
github.com/dl-alexandre/abc/internal/output/formatter.go:154.32,160.28 5 0
github.com/dl-alexandre/abc/internal/output/formatter.go:160.28,162.4 1 0
github.com/dl-alexandre/abc/internal/output/formatter.go:164.3,167.28 3 0
github.com/dl-alexandre/abc/internal/output/formatter.go:167.28,169.4 1 0
github.com/dl-alexandre/abc/internal/output/formatter.go:171.3,171.30 1 0
github.com/dl-alexandre/abc/internal/output/formatter.go:171.30,173.4 1 0
github.com/dl-alexandre/abc/internal/output/formatter.go:175.3,178.16 4 0
github.com/dl-alexandre/abc/internal/output/formatter.go:181.2,181.12 1 0
github.com/dl-alexandre/abc/internal/output/formatter.go:185.68,188.16 2 0
github.com/dl-alexandre/abc/internal/output/formatter.go:188.16,189.75 1 0
github.com/dl-alexandre/abc/internal/output/formatter.go:189.75,191.4 1 0
github.com/dl-alexandre/abc/internal/output/formatter.go:194.2,200.32 6 0
github.com/dl-alexandre/abc/internal/output/formatter.go:200.32,202.3 1 0
github.com/dl-alexandre/abc/internal/output/formatter.go:204.2,206.73 2 0
github.com/dl-alexandre/abc/internal/output/formatter.go:206.73,208.3 1 0
github.com/dl-alexandre/abc/internal/output/formatter.go:210.2,210.32 1 0
github.com/dl-alexandre/abc/internal/output/formatter.go:210.32,212.3 1 0
github.com/dl-alexandre/abc/internal/output/formatter.go:214.2,214.34 1 0
github.com/dl-alexandre/abc/internal/output/formatter.go:214.34,216.3 1 0
github.com/dl-alexandre/abc/internal/output/formatter.go:218.2,223.12 4 0
github.com/dl-alexandre/abc/internal/output/formatter.go:227.71,234.32 6 0
github.com/dl-alexandre/abc/internal/output/formatter.go:234.32,236.3 1 0
github.com/dl-alexandre/abc/internal/output/formatter.go:238.2,241.73 3 0
github.com/dl-alexandre/abc/internal/output/formatter.go:241.73,243.3 1 0
github.com/dl-alexandre/abc/internal/output/formatter.go:245.2,245.32 1 0
github.com/dl-alexandre/abc/internal/output/formatter.go:245.32,247.3 1 0
github.com/dl-alexandre/abc/internal/output/formatter.go:249.2,249.34 1 0
github.com/dl-alexandre/abc/internal/output/formatter.go:249.34,251.3 1 0
github.com/dl-alexandre/abc/internal/output/formatter.go:253.2,256.12 3 0
github.com/dl-alexandre/abc/internal/output/formatter.go:260.71,261.25 1 0
github.com/dl-alexandre/abc/internal/output/formatter.go:261.25,264.3 2 0
github.com/dl-alexandre/abc/internal/output/formatter.go:266.2,269.16 2 0
github.com/dl-alexandre/abc/internal/output/formatter.go:269.16,270.75 1 0
github.com/dl-alexandre/abc/internal/output/formatter.go:270.75,272.4 1 0
github.com/dl-alexandre/abc/internal/output/formatter.go:275.2,275.31 1 0
github.com/dl-alexandre/abc/internal/output/formatter.go:275.31,277.29 2 0
github.com/dl-alexandre/abc/internal/output/formatter.go:277.29,279.4 1 0
github.com/dl-alexandre/abc/internal/output/formatter.go:280.3,281.27 2 0
github.com/dl-alexandre/abc/internal/output/formatter.go:281.27,283.4 1 0
github.com/dl-alexandre/abc/internal/output/formatter.go:285.3,292.4 1 0
github.com/dl-alexandre/abc/internal/output/formatter.go:295.2,298.12 3 0
github.com/dl-alexandre/abc/internal/output/formatter.go:302.74,303.25 1 0
github.com/dl-alexandre/abc/internal/output/formatter.go:303.25,306.3 2 0
github.com/dl-alexandre/abc/internal/output/formatter.go:308.2,311.31 3 0
github.com/dl-alexandre/abc/internal/output/formatter.go:311.31,318.35 6 0
github.com/dl-alexandre/abc/internal/output/formatter.go:318.35,320.4 1 0
github.com/dl-alexandre/abc/internal/output/formatter.go:322.3,322.29 1 0
github.com/dl-alexandre/abc/internal/output/formatter.go:322.29,324.4 1 0
github.com/dl-alexandre/abc/internal/output/formatter.go:325.3,325.27 1 0
github.com/dl-alexandre/abc/internal/output/formatter.go:325.27,327.4 1 0
github.com/dl-alexandre/abc/internal/output/formatter.go:329.3,329.27 1 0
github.com/dl-alexandre/abc/internal/output/formatter.go:329.27,331.4 1 0
github.com/dl-alexandre/abc/internal/output/formatter.go:333.3,336.16 4 0
github.com/dl-alexandre/abc/internal/output/formatter.go:339.2,339.12 1 0
github.com/dl-alexandre/abc/internal/output/formatter.go:343.68,346.16 2 0
github.com/dl-alexandre/abc/internal/output/formatter.go:346.16,347.75 1 0
github.com/dl-alexandre/abc/internal/output/formatter.go:347.75,349.4 1 0
github.com/dl-alexandre/abc/internal/output/formatter.go:352.2,358.40 6 0
github.com/dl-alexandre/abc/internal/output/formatter.go:358.40,360.3 1 0
github.com/dl-alexandre/abc/internal/output/formatter.go:362.2,362.34 1 0
github.com/dl-alexandre/abc/internal/output/formatter.go:362.34,364.3 1 0
github.com/dl-alexandre/abc/internal/output/formatter.go:365.2,365.32 1 0
github.com/dl-alexandre/abc/internal/output/formatter.go:365.32,367.3 1 0
github.com/dl-alexandre/abc/internal/output/formatter.go:369.2,369.32 1 0
github.com/dl-alexandre/abc/internal/output/formatter.go:369.32,372.3 2 0
github.com/dl-alexandre/abc/internal/output/formatter.go:374.2,379.12 4 0
github.com/dl-alexandre/abc/internal/output/formatter.go:383.71,390.40 6 0
github.com/dl-alexandre/abc/internal/output/formatter.go:390.40,392.3 1 0
github.com/dl-alexandre/abc/internal/output/formatter.go:394.2,394.34 1 0
github.com/dl-alexandre/abc/internal/output/formatter.go:394.34,396.3 1 0
github.com/dl-alexandre/abc/internal/output/formatter.go:397.2,397.32 1 0
github.com/dl-alexandre/abc/internal/output/formatter.go:397.32,399.3 1 0
github.com/dl-alexandre/abc/internal/output/formatter.go:401.2,401.32 1 0
github.com/dl-alexandre/abc/internal/output/formatter.go:401.32,403.3 1 0
github.com/dl-alexandre/abc/internal/output/formatter.go:405.2,408.12 3 0
github.com/dl-alexandre/abc/internal/output/formatter.go:412.68,413.24 1 0
github.com/dl-alexandre/abc/internal/output/formatter.go:413.24,416.3 2 0
github.com/dl-alexandre/abc/internal/output/formatter.go:418.2,421.16 2 0
github.com/dl-alexandre/abc/internal/output/formatter.go:421.16,422.75 1 0
github.com/dl-alexandre/abc/internal/output/formatter.go:422.75,424.4 1 0
github.com/dl-alexandre/abc/internal/output/formatter.go:427.2,427.30 1 0
github.com/dl-alexandre/abc/internal/output/formatter.go:427.30,437.3 1 0
github.com/dl-alexandre/abc/internal/output/formatter.go:439.2,442.12 3 0
github.com/dl-alexandre/abc/internal/output/formatter.go:446.71,447.24 1 0
github.com/dl-alexandre/abc/internal/output/formatter.go:447.24,450.3 2 0
github.com/dl-alexandre/abc/internal/output/formatter.go:452.2,455.30 3 0
github.com/dl-alexandre/abc/internal/output/formatter.go:455.30,468.3 10 0
github.com/dl-alexandre/abc/internal/output/formatter.go:470.2,470.12 1 0
github.com/dl-alexandre/abc/internal/output/formatter.go:475.45,477.2 1 0
github.com/dl-alexandre/abc/internal/output/formatter.go:479.49,481.2 1 0
github.com/dl-alexandre/abc/internal/output/formatter.go:483.43,484.16 1 0
github.com/dl-alexandre/abc/internal/output/formatter.go:485.28,486.20 1 0
github.com/dl-alexandre/abc/internal/output/formatter.go:487.17,488.20 1 0
github.com/dl-alexandre/abc/internal/output/formatter.go:489.29,490.20 1 0
github.com/dl-alexandre/abc/internal/output/formatter.go:491.10,492.12 1 0
github.com/dl-alexandre/abc/internal/output/formatter.go:496.49,497.16 1 0
github.com/dl-alexandre/abc/internal/output/formatter.go:498.18,499.20 1 0
github.com/dl-alexandre/abc/internal/output/formatter.go:500.17,501.20 1 0
github.com/dl-alexandre/abc/internal/output/formatter.go:502.18,503.20 1 0
github.com/dl-alexandre/abc/internal/output/formatter.go:504.10,505.12 1 0
github.com/dl-alexandre/abc/internal/output/formatter.go:509.35,510.18 1 0
github.com/dl-alexandre/abc/internal/output/formatter.go:510.18,512.3 1 0
github.com/dl-alexandre/abc/internal/output/formatter.go:513.2,513.15 1 0
github.com/dl-alexandre/abc/internal/output/formatter.go:513.15,515.3 1 0
github.com/dl-alexandre/abc/internal/output/formatter.go:516.2,516.29 1 0
github.com/dl-alexandre/abc/internal/output/formatter.go:520.44,521.22 1 0
github.com/dl-alexandre/abc/internal/output/formatter.go:521.22,523.3 1 0
github.com/dl-alexandre/abc/internal/output/formatter.go:524.2,524.29 1 0
github.com/dl-alexandre/abc/internal/output/formatter.go:528.37,530.2 1 0
github.com/dl-alexandre/abc/internal/output/formatter.go:533.60,534.28 1 0
github.com/dl-alexandre/abc/internal/output/formatter.go:534.28,535.18 1 0
github.com/dl-alexandre/abc/internal/output/formatter.go:535.18,537.4 1 0
github.com/dl-alexandre/abc/internal/output/formatter.go:539.2,539.79 1 0
github.com/dl-alexandre/abc/internal/output/formatter.go:543.40,545.2 1 0
github.com/dl-alexandre/abc/internal/validate/validate.go:42.32,47.2 1 0
github.com/dl-alexandre/abc/internal/validate/validate.go:50.75,51.28 1 0
github.com/dl-alexandre/abc/internal/validate/validate.go:52.22,53.42 1 0
github.com/dl-alexandre/abc/internal/validate/validate.go:54.10,55.79 1 0
github.com/dl-alexandre/abc/internal/validate/validate.go:74.81,76.37 1 0
github.com/dl-alexandre/abc/internal/validate/validate.go:76.37,78.3 1 0
github.com/dl-alexandre/abc/internal/validate/validate.go:79.2,79.39 1 0
github.com/dl-alexandre/abc/internal/validate/validate.go:79.39,81.3 1 0
github.com/dl-alexandre/abc/internal/validate/validate.go:82.2,82.37 1 0
github.com/dl-alexandre/abc/internal/validate/validate.go:82.37,84.3 1 0
github.com/dl-alexandre/abc/internal/validate/validate.go:85.2,85.39 1 0
github.com/dl-alexandre/abc/internal/validate/validate.go:85.39,87.3 1 0
github.com/dl-alexandre/abc/internal/validate/validate.go:88.2,88.43 1 0
github.com/dl-alexandre/abc/internal/validate/validate.go:88.43,90.3 1 0
github.com/dl-alexandre/abc/internal/validate/validate.go:91.2,91.40 1 0
github.com/dl-alexandre/abc/internal/validate/validate.go:91.40,93.3 1 0
github.com/dl-alexandre/abc/internal/validate/validate.go:96.2,96.55 1 0
github.com/dl-alexandre/abc/internal/validate/validate.go:96.55,100.3 1 0
github.com/dl-alexandre/abc/internal/validate/validate.go:103.2,103.43 1 0
github.com/dl-alexandre/abc/internal/validate/validate.go:103.43,104.50 1 0
github.com/dl-alexandre/abc/internal/validate/validate.go:104.50,107.4 1 0
github.com/dl-alexandre/abc/internal/validate/validate.go:111.2,111.43 1 0
github.com/dl-alexandre/abc/internal/validate/validate.go:111.43,113.3 1 0
github.com/dl-alexandre/abc/internal/validate/validate.go:116.2,116.45 1 0
github.com/dl-alexandre/abc/internal/validate/validate.go:116.45,119.3 1 0
github.com/dl-alexandre/abc/internal/validate/validate.go:122.2,122.54 1 0
github.com/dl-alexandre/abc/internal/validate/validate.go:122.54,126.3 1 0
github.com/dl-alexandre/abc/internal/validate/validate.go:129.2,129.21 1 0
github.com/dl-alexandre/abc/internal/validate/validate.go:129.21,131.3 1 0
github.com/dl-alexandre/abc/internal/validate/validate.go:132.2,132.23 1 0
github.com/dl-alexandre/abc/internal/validate/validate.go:132.23,134.3 1 0
github.com/dl-alexandre/abc/internal/validate/validate.go:138.76,139.34 1 0
github.com/dl-alexandre/abc/internal/validate/validate.go:139.34,142.3 2 0
github.com/dl-alexandre/abc/internal/validate/validate.go:144.2,145.16 2 0
github.com/dl-alexandre/abc/internal/validate/validate.go:145.16,148.3 2 0
github.com/dl-alexandre/abc/internal/validate/validate.go:150.2,151.16 2 0
github.com/dl-alexandre/abc/internal/validate/validate.go:151.16,154.3 2 0
github.com/dl-alexandre/abc/internal/validate/validate.go:157.2,157.27 1 0
github.com/dl-alexandre/abc/internal/validate/validate.go:157.27,161.3 1 0
github.com/dl-alexandre/abc/internal/validate/validate.go:164.2,164.29 1 0
github.com/dl-alexandre/abc/internal/validate/validate.go:164.29,168.3 1 0
github.com/dl-alexandre/abc/internal/validate/validate.go:171.2,171.26 1 0
github.com/dl-alexandre/abc/internal/validate/validate.go:171.26,173.3 1 0
github.com/dl-alexandre/abc/internal/validate/validate.go:177.67,184.2 1 0
github.com/dl-alexandre/abc/internal/validate/validate.go:187.63,193.2 1 0
github.com/dl-alexandre/abc/internal/validate/validate.go:196.55,203.2 1 0
github.com/dl-alexandre/abc/internal/validate/validate.go:206.43,222.2 3 0
github.com/dl-alexandre/abc/internal/validate/validate.go:225.57,243.13 4 0
github.com/dl-alexandre/abc/internal/validate/validate.go:243.13,246.3 1 0
github.com/dl-alexandre/abc/internal/validate/validate.go:248.2,248.57 1 0
github.com/dl-alexandre/abc/internal/validate/validate.go:252.38,257.2 2 0
github.com/dl-alexandre/abc/internal/validate/validate.go:260.44,327.2 3 0
github.com/dl-alexandre/abc/internal/validate/validate.go:330.32,331.37 1 0
github.com/dl-alexandre/abc/internal/validate/validate.go:331.37,334.3 2 0
github.com/dl-alexandre/abc/internal/validate/validate.go:336.2,336.23 1 0
github.com/dl-alexandre/abc/internal/validate/validate.go:336.23,338.32 2 0
github.com/dl-alexandre/abc/internal/validate/validate.go:338.32,340.4 1 0
github.com/dl-alexandre/abc/internal/validate/validate.go:343.2,343.25 1 0
github.com/dl-alexandre/abc/internal/validate/validate.go:343.25,345.35 2 0
github.com/dl-alexandre/abc/internal/validate/validate.go:345.35,347.4 1 0
github.com/dl-alexandre/abc/internal/validate/validate.go:350.2,350.13 1 0
github.com/dl-alexandre/abc/internal/validate/validate.go:350.13,352.3 1 0
github.com/dl-alexandre/abc/internal/validate/validate.go:356.34,357.14 1 0
github.com/dl-alexandre/abc/internal/validate/validate.go:357.14,359.3 1 0
github.com/dl-alexandre/abc/internal/validate/validate.go:360.2,360.25 1 0
github.com/dl-alexandre/abc/internal/validate/validate.go:360.25,362.3 1 0
github.com/dl-alexandre/abc/internal/validate/validate.go:363.2,363.59 1 0
github.com/dl-alexandre/abc/internal/dns/checker.go:70.28,75.2 1 0
github.com/dl-alexandre/abc/internal/dns/checker.go:78.58,105.2 9 0
github.com/dl-alexandre/abc/internal/dns/checker.go:108.57,113.16 3 0
github.com/dl-alexandre/abc/internal/dns/checker.go:113.16,116.3 2 0
github.com/dl-alexandre/abc/internal/dns/checker.go:118.2,121.33 2 0
github.com/dl-alexandre/abc/internal/dns/checker.go:121.33,122.41 1 0
github.com/dl-alexandre/abc/internal/dns/checker.go:122.41,127.90 3 0
github.com/dl-alexandre/abc/internal/dns/checker.go:127.90,129.5 1 0
github.com/dl-alexandre/abc/internal/dns/checker.go:132.4,132.91 1 0
github.com/dl-alexandre/abc/internal/dns/checker.go:132.91,134.5 1 0
github.com/dl-alexandre/abc/internal/dns/checker.go:137.4,138.92 2 0
github.com/dl-alexandre/abc/internal/dns/checker.go:138.92,140.5 1 0
github.com/dl-alexandre/abc/internal/dns/checker.go:142.4,142.9 1 0
github.com/dl-alexandre/abc/internal/dns/checker.go:146.2,146.19 1 0
github.com/dl-alexandre/abc/internal/dns/checker.go:146.19,149.3 2 0
github.com/dl-alexandre/abc/internal/dns/checker.go:152.2,152.64 1 0
github.com/dl-alexandre/abc/internal/dns/checker.go:152.64,156.3 1 0
github.com/dl-alexandre/abc/internal/dns/checker.go:159.2,159.30 1 0
github.com/dl-alexandre/abc/internal/dns/checker.go:159.30,162.3 1 0
github.com/dl-alexandre/abc/internal/dns/checker.go:164.2,164.15 1 0
github.com/dl-alexandre/abc/internal/dns/checker.go:168.57,173.37 3 0
github.com/dl-alexandre/abc/internal/dns/checker.go:173.37,175.17 2 0
github.com/dl-alexandre/abc/internal/dns/checker.go:175.17,176.12 1 0
github.com/dl-alexandre/abc/internal/dns/checker.go:179.3,179.34 1 0
github.com/dl-alexandre/abc/internal/dns/checker.go:179.34,180.75 1 0
github.com/dl-alexandre/abc/internal/dns/checker.go:180.75,187.10 2 0
github.com/dl-alexandre/abc/internal/dns/checker.go:192.2,192.23 1 0
github.com/dl-alexandre/abc/internal/dns/checker.go:192.23,194.3 1 0
github.com/dl-alexandre/abc/internal/dns/checker.go:196.2,196.16 1 0
github.com/dl-alexandre/abc/internal/dns/checker.go:200.53,204.16 3 0
github.com/dl-alexandre/abc/internal/dns/checker.go:204.16,207.3 2 0
github.com/dl-alexandre/abc/internal/dns/checker.go:209.2,209.33 1 0
github.com/dl-alexandre/abc/internal/dns/checker.go:209.33,210.39 1 0
github.com/dl-alexandre/abc/internal/dns/checker.go:210.39,217.31 5 0
github.com/dl-alexandre/abc/internal/dns/checker.go:217.31,218.58 1 0
github.com/dl-alexandre/abc/internal/dns/checker.go:218.58,220.6 1 0
github.com/dl-alexandre/abc/internal/dns/checker.go:223.4,223.9 1 0
github.com/dl-alexandre/abc/internal/dns/checker.go:227.2,227.21 1 0
github.com/dl-alexandre/abc/internal/dns/checker.go:227.21,229.3 1 0
github.com/dl-alexandre/abc/internal/dns/checker.go:231.2,231.15 1 0
github.com/dl-alexandre/abc/internal/dns/checker.go:235.87,237.16 2 0
github.com/dl-alexandre/abc/internal/dns/checker.go:237.16,239.3 1 0
github.com/dl-alexandre/abc/internal/dns/checker.go:241.2,241.33 1 0
github.com/dl-alexandre/abc/internal/dns/checker.go:241.33,242.57 1 0
github.com/dl-alexandre/abc/internal/dns/checker.go:242.57,243.51 1 0
github.com/dl-alexandre/abc/internal/dns/checker.go:243.51,245.5 1 0
github.com/dl-alexandre/abc/internal/dns/checker.go:246.4,246.20 1 0
github.com/dl-alexandre/abc/internal/dns/checker.go:250.2,250.18 1 0
github.com/dl-alexandre/abc/internal/dns/checker.go:253.58,259.2 1 0
github.com/dl-alexandre/abc/internal/dns/checker.go:261.54,266.2 1 0
github.com/dl-alexandre/abc/internal/dns/checker.go:269.37,275.21 4 0
github.com/dl-alexandre/abc/internal/dns/checker.go:275.21,279.36 4 0
github.com/dl-alexandre/abc/internal/dns/checker.go:279.36,281.4 1 0
github.com/dl-alexandre/abc/internal/dns/checker.go:282.3,282.87 1 0
github.com/dl-alexandre/abc/internal/dns/checker.go:282.87,284.4 1 0
github.com/dl-alexandre/abc/internal/dns/checker.go:285.8,288.3 2 0
github.com/dl-alexandre/abc/internal/dns/checker.go:291.2,292.21 2 0
github.com/dl-alexandre/abc/internal/dns/checker.go:292.21,294.31 2 0
github.com/dl-alexandre/abc/internal/dns/checker.go:294.31,296.4 1 0
github.com/dl-alexandre/abc/internal/dns/checker.go:297.8,300.3 2 0
github.com/dl-alexandre/abc/internal/dns/checker.go:303.2,304.19 2 0
github.com/dl-alexandre/abc/internal/dns/checker.go:304.19,306.32 2 0
github.com/dl-alexandre/abc/internal/dns/checker.go:306.32,308.4 1 0
github.com/dl-alexandre/abc/internal/dns/checker.go:309.8,311.3 1 0
github.com/dl-alexandre/abc/internal/dns/checker.go:314.2,315.21 2 0
github.com/dl-alexandre/abc/internal/dns/checker.go:315.21,317.3 1 0
github.com/dl-alexandre/abc/internal/dns/checker.go:317.8,320.3 2 0
github.com/dl-alexandre/abc/internal/dns/checker.go:322.2,322.23 1 0
github.com/dl-alexandre/abc/internal/dns/checker.go:322.23,324.32 2 0
github.com/dl-alexandre/abc/internal/dns/checker.go:324.32,326.4 1 0
github.com/dl-alexandre/abc/internal/dns/checker.go:329.2,329.25 1 0
github.com/dl-alexandre/abc/internal/dns/checker.go:329.25,331.35 2 0
github.com/dl-alexandre/abc/internal/dns/checker.go:331.35,333.4 1 0
github.com/dl-alexandre/abc/internal/dns/checker.go:337.41,338.11 1 0
github.com/dl-alexandre/abc/internal/dns/checker.go:338.11,340.3 1 0
github.com/dl-alexandre/abc/internal/dns/checker.go:341.2,341.22 1 0
github.com/dl-alexandre/abc/internal/dns/checker.go:345.40,349.2 2 0
github.com/dl-alexandre/abc/internal/dns/checker.go:352.63,354.2 1 0
github.com/dl-alexandre/abc/internal/showcase/template.go:64.72,71.38 1 0
github.com/dl-alexandre/abc/internal/showcase/template.go:71.38,73.4 1 0
github.com/dl-alexandre/abc/internal/showcase/template.go:76.2,77.16 2 0
github.com/dl-alexandre/abc/internal/showcase/template.go:77.16,79.3 1 0
github.com/dl-alexandre/abc/internal/showcase/template.go:81.2,81.30 1 0
github.com/dl-alexandre/abc/internal/showcase/template.go:81.30,83.17 2 0
github.com/dl-alexandre/abc/internal/showcase/template.go:83.17,85.4 1 0
github.com/dl-alexandre/abc/internal/showcase/template.go:88.2,91.8 1 0
github.com/dl-alexandre/abc/internal/showcase/template.go:95.77,102.80 3 0
github.com/dl-alexandre/abc/internal/showcase/template.go:102.80,104.3 1 0
github.com/dl-alexandre/abc/internal/showcase/template.go:105.2,108.32 2 0
github.com/dl-alexandre/abc/internal/showcase/template.go:108.32,110.17 2 0
github.com/dl-alexandre/abc/internal/showcase/template.go:110.17,112.4 1 0
github.com/dl-alexandre/abc/internal/showcase/template.go:113.3,114.58 2 0
github.com/dl-alexandre/abc/internal/showcase/template.go:114.58,116.4 1 0
github.com/dl-alexandre/abc/internal/showcase/template.go:117.3,117.72 1 0
github.com/dl-alexandre/abc/internal/showcase/template.go:121.2,121.30 1 0
github.com/dl-alexandre/abc/internal/showcase/template.go:121.30,123.17 2 0
github.com/dl-alexandre/abc/internal/showcase/template.go:123.17,125.4 1 0
github.com/dl-alexandre/abc/internal/showcase/template.go:127.2,127.28 1 0
github.com/dl-alexandre/abc/internal/showcase/template.go:127.28,129.17 2 0
github.com/dl-alexandre/abc/internal/showcase/template.go:129.17,131.4 1 0
github.com/dl-alexandre/abc/internal/showcase/template.go:135.2,135.35 1 0
github.com/dl-alexandre/abc/internal/showcase/template.go:135.35,137.17 2 0
github.com/dl-alexandre/abc/internal/showcase/template.go:137.17,139.4 1 0
github.com/dl-alexandre/abc/internal/showcase/template.go:141.3,142.24 2 0
github.com/dl-alexandre/abc/internal/showcase/template.go:142.24,144.4 1 0
github.com/dl-alexandre/abc/internal/showcase/template.go:146.3,151.40 2 0
github.com/dl-alexandre/abc/internal/showcase/template.go:151.40,153.4 1 0
github.com/dl-alexandre/abc/internal/showcase/template.go:156.2,156.22 1 0
github.com/dl-alexandre/abc/internal/showcase/template.go:160.92,162.16 2 0
github.com/dl-alexandre/abc/internal/showcase/template.go:162.16,164.3 1 0
github.com/dl-alexandre/abc/internal/showcase/template.go:166.2,167.49 2 0
github.com/dl-alexandre/abc/internal/showcase/template.go:167.49,169.3 1 0
github.com/dl-alexandre/abc/internal/showcase/template.go:171.2,171.26 1 0
github.com/dl-alexandre/abc/internal/showcase/template.go:187.52,191.2 1 0
github.com/dl-alexandre/abc/internal/showcase/template.go:194.81,198.20 2 0
github.com/dl-alexandre/abc/internal/showcase/template.go:198.20,201.3 2 0
github.com/dl-alexandre/abc/internal/showcase/template.go:204.2,204.46 1 0
github.com/dl-alexandre/abc/internal/showcase/template.go:204.46,206.3 1 0
github.com/dl-alexandre/abc/internal/showcase/template.go:209.2,210.16 2 0
github.com/dl-alexandre/abc/internal/showcase/template.go:210.16,213.3 2 0
github.com/dl-alexandre/abc/internal/showcase/template.go:216.2,217.40 2 0
github.com/dl-alexandre/abc/internal/showcase/template.go:217.40,218.38 1 0
github.com/dl-alexandre/abc/internal/showcase/template.go:218.38,222.4 1 0
github.com/dl-alexandre/abc/internal/showcase/template.go:226.2,226.26 1 0
github.com/dl-alexandre/abc/internal/showcase/template.go:226.26,228.3 1 0
github.com/dl-alexandre/abc/internal/showcase/template.go:231.2,231.37 1 0
github.com/dl-alexandre/abc/internal/showcase/template.go:231.37,233.3 1 0
github.com/dl-alexandre/abc/internal/showcase/template.go:236.2,236.33 1 0
github.com/dl-alexandre/abc/internal/showcase/template.go:236.33,240.3 1 0
github.com/dl-alexandre/abc/internal/showcase/template.go:243.2,243.45 1 0
github.com/dl-alexandre/abc/internal/showcase/template.go:243.45,245.3 1 0
github.com/dl-alexandre/abc/internal/showcase/template.go:248.2,248.22 1 0
github.com/dl-alexandre/abc/internal/showcase/template.go:248.22,250.3 1 0
github.com/dl-alexandre/abc/internal/showcase/template.go:250.8,250.33 1 0
github.com/dl-alexandre/abc/internal/showcase/template.go:250.33,252.3 1 0
github.com/dl-alexandre/abc/internal/showcase/template.go:254.2,254.17 1 0
github.com/dl-alexandre/abc/internal/showcase/template.go:257.69,263.2 1 0
github.com/dl-alexandre/abc/internal/showcase/template.go:265.66,267.2 0 0
github.com/dl-alexandre/abc/internal/showcase/template.go:275.72,277.16 2 0
github.com/dl-alexandre/abc/internal/showcase/template.go:277.16,279.3 1 0
github.com/dl-alexandre/abc/internal/showcase/template.go:280.2,280.45 1 0
github.com/dl-alexandre/abc/internal/showcase/template.go:284.93,287.32 2 0
github.com/dl-alexandre/abc/internal/showcase/template.go:287.32,289.17 2 0
github.com/dl-alexandre/abc/internal/showcase/template.go:289.17,291.4 1 0
github.com/dl-alexandre/abc/internal/showcase/template.go:293.3,297.5 1 0
github.com/dl-alexandre/abc/internal/showcase/template.go:300.2,300.23 1 0
github.com/dl-alexandre/abc/internal/showcase/template.go:311.55,315.23 2 0
github.com/dl-alexandre/abc/internal/showcase/template.go:315.23,317.3 1 0
github.com/dl-alexandre/abc/internal/showcase/template.go:318.2,318.23 1 0
github.com/dl-alexandre/abc/internal/showcase/template.go:318.23,320.3 1 0
github.com/dl-alexandre/abc/internal/showcase/template.go:320.8,320.61 1 0
github.com/dl-alexandre/abc/internal/showcase/template.go:320.61,322.3 1 0
github.com/dl-alexandre/abc/internal/showcase/template.go:323.2,323.24 1 0
github.com/dl-alexandre/abc/internal/showcase/template.go:323.24,325.3 1 0
github.com/dl-alexandre/abc/internal/showcase/template.go:328.2,328.33 1 0
github.com/dl-alexandre/abc/internal/showcase/template.go:328.33,331.33 3 0
github.com/dl-alexandre/abc/internal/showcase/template.go:331.33,333.4 1 0
github.com/dl-alexandre/abc/internal/showcase/template.go:337.2,337.28 1 0
github.com/dl-alexandre/abc/internal/showcase/template.go:337.28,338.71 1 0
github.com/dl-alexandre/abc/internal/showcase/template.go:338.71,340.4 1 0
github.com/dl-alexandre/abc/internal/showcase/template.go:342.2,342.26 1 0
github.com/dl-alexandre/abc/internal/showcase/template.go:342.26,343.69 1 0
github.com/dl-alexandre/abc/internal/showcase/template.go:343.69,345.4 1 0
github.com/dl-alexandre/abc/internal/showcase/template.go:348.2,348.15 1 0
github.com/dl-alexandre/abc/internal/showcase/template.go:352.41,363.44 2 0
github.com/dl-alexandre/abc/internal/showcase/template.go:363.44,364.65 1 0
github.com/dl-alexandre/abc/internal/showcase/template.go:364.65,366.4 1 0
github.com/dl-alexandre/abc/internal/showcase/template.go:368.2,368.14 1 0
github.com/dl-alexandre/abc/internal/showcase/template.go:372.44,385.39 2 0
github.com/dl-alexandre/abc/internal/showcase/template.go:385.39,386.40 1 0
github.com/dl-alexandre/abc/internal/showcase/template.go:386.40,388.4 1 0
github.com/dl-alexandre/abc/internal/showcase/template.go:392.2,392.86 1 0
github.com/dl-alexandre/abc/internal/showcase/template.go:392.86,394.86 1 0
github.com/dl-alexandre/abc/internal/showcase/template.go:394.86,396.4 1 0
github.com/dl-alexandre/abc/internal/showcase/template.go:399.2,399.14 1 0
github.com/dl-alexandre/abc/internal/cli/cli.go:61.38,76.16 3 2
github.com/dl-alexandre/abc/internal/cli/cli.go:76.16,78.3 1 0
github.com/dl-alexandre/abc/internal/cli/cli.go:79.2,82.37 2 2
github.com/dl-alexandre/abc/internal/cli/cli.go:82.37,84.3 1 2
github.com/dl-alexandre/abc/internal/cli/cli.go:87.2,95.16 2 2
github.com/dl-alexandre/abc/internal/cli/cli.go:95.16,97.3 1 0
github.com/dl-alexandre/abc/internal/cli/cli.go:98.2,100.12 2 2
github.com/dl-alexandre/abc/internal/cli/cli.go:104.41,106.2 1 1
github.com/dl-alexandre/abc/internal/cli/cli.go:109.48,111.2 1 0
github.com/dl-alexandre/abc/internal/cli/cli.go:126.52,128.22 1 0
github.com/dl-alexandre/abc/internal/cli/cli.go:128.22,131.3 2 0
github.com/dl-alexandre/abc/internal/cli/cli.go:133.2,133.26 1 0
github.com/dl-alexandre/abc/internal/cli/cli.go:133.26,136.3 2 0
github.com/dl-alexandre/abc/internal/cli/cli.go:138.2,138.46 1 0
github.com/dl-alexandre/abc/internal/cli/cli.go:138.46,140.3 1 0
github.com/dl-alexandre/abc/internal/cli/cli.go:143.2,148.42 2 0
github.com/dl-alexandre/abc/internal/cli/cli.go:148.42,150.3 1 0
github.com/dl-alexandre/abc/internal/cli/cli.go:152.2,153.12 2 0
github.com/dl-alexandre/abc/internal/cli/cli.go:161.53,162.14 1 0
github.com/dl-alexandre/abc/internal/cli/cli.go:162.14,166.41 4 0
github.com/dl-alexandre/abc/internal/cli/cli.go:166.41,169.4 2 0
github.com/dl-alexandre/abc/internal/cli/cli.go:172.2,172.38 1 0
github.com/dl-alexandre/abc/internal/cli/cli.go:172.38,174.3 1 0
github.com/dl-alexandre/abc/internal/cli/cli.go:176.2,177.12 2 0
github.com/dl-alexandre/abc/internal/cli/cli.go:183.53,184.18 1 0
github.com/dl-alexandre/abc/internal/cli/cli.go:184.18,186.17 2 0
github.com/dl-alexandre/abc/internal/cli/cli.go:186.17,188.4 1 0
github.com/dl-alexandre/abc/internal/cli/cli.go:189.3,189.71 1 0
github.com/dl-alexandre/abc/internal/cli/cli.go:190.8,193.3 2 0
github.com/dl-alexandre/abc/internal/cli/cli.go:194.2,194.12 1 0
github.com/dl-alexandre/abc/internal/cli/cli.go:202.49,212.16 7 0
github.com/dl-alexandre/abc/internal/cli/cli.go:212.16,216.3 3 0
github.com/dl-alexandre/abc/internal/cli/cli.go:216.8,218.3 1 0
github.com/dl-alexandre/abc/internal/cli/cli.go:221.2,222.80 2 0
github.com/dl-alexandre/abc/internal/cli/cli.go:222.80,228.3 5 0
github.com/dl-alexandre/abc/internal/cli/cli.go:228.8,230.16 2 0
github.com/dl-alexandre/abc/internal/cli/cli.go:230.16,232.4 1 0
github.com/dl-alexandre/abc/internal/cli/cli.go:236.2,238.22 3 0
github.com/dl-alexandre/abc/internal/cli/cli.go:238.22,240.3 1 0
github.com/dl-alexandre/abc/internal/cli/cli.go:241.2,241.15 1 0
github.com/dl-alexandre/abc/internal/cli/cli.go:241.15,243.3 1 0
github.com/dl-alexandre/abc/internal/cli/cli.go:244.2,248.54 3 0
github.com/dl-alexandre/abc/internal/cli/cli.go:248.54,250.3 1 0
github.com/dl-alexandre/abc/internal/cli/cli.go:250.8,252.3 1 0
github.com/dl-alexandre/abc/internal/cli/cli.go:255.2,256.18 2 0
github.com/dl-alexandre/abc/internal/cli/cli.go:256.18,258.3 1 0
github.com/dl-alexandre/abc/internal/cli/cli.go:258.8,261.3 2 0
github.com/dl-alexandre/abc/internal/cli/cli.go:264.2,264.36 1 0
github.com/dl-alexandre/abc/internal/cli/cli.go:264.36,269.41 5 0
github.com/dl-alexandre/abc/internal/cli/cli.go:269.41,270.82 1 0
github.com/dl-alexandre/abc/internal/cli/cli.go:270.82,274.5 2 0
github.com/dl-alexandre/abc/internal/cli/cli.go:278.2,279.15 2 0
github.com/dl-alexandre/abc/internal/cli/cli.go:279.15,281.3 1 0
github.com/dl-alexandre/abc/internal/cli/cli.go:281.8,283.3 1 0
github.com/dl-alexandre/abc/internal/cli/cli.go:285.2,285.12 1 0
github.com/dl-alexandre/abc/internal/cli/cli.go:288.39,289.15 1 0
github.com/dl-alexandre/abc/internal/cli/cli.go:289.15,291.3 1 0
github.com/dl-alexandre/abc/internal/cli/cli.go:292.2,292.22 1 0
github.com/dl-alexandre/abc/internal/cli/cli.go:313.56,315.18 2 0
github.com/dl-alexandre/abc/internal/cli/cli.go:315.18,317.3 1 0
github.com/dl-alexandre/abc/internal/cli/cli.go:319.2,321.16 3 0
github.com/dl-alexandre/abc/internal/cli/cli.go:321.16,323.3 1 0
github.com/dl-alexandre/abc/internal/cli/cli.go:325.2,326.47 2 0
github.com/dl-alexandre/abc/internal/cli/cli.go:335.55,337.18 2 0
github.com/dl-alexandre/abc/internal/cli/cli.go:337.18,339.3 1 0
github.com/dl-alexandre/abc/internal/cli/cli.go:341.2,343.16 3 0
github.com/dl-alexandre/abc/internal/cli/cli.go:343.16,345.3 1 0
github.com/dl-alexandre/abc/internal/cli/cli.go:347.2,348.40 2 0
github.com/dl-alexandre/abc/internal/cli/cli.go:364.58,366.18 2 0
github.com/dl-alexandre/abc/internal/cli/cli.go:366.18,368.3 1 0
github.com/dl-alexandre/abc/internal/cli/cli.go:370.2,382.22 2 0
github.com/dl-alexandre/abc/internal/cli/cli.go:382.22,384.3 1 0
github.com/dl-alexandre/abc/internal/cli/cli.go:386.2,388.16 3 0
github.com/dl-alexandre/abc/internal/cli/cli.go:388.16,390.3 1 0
github.com/dl-alexandre/abc/internal/cli/cli.go:392.2,393.39 2 0
github.com/dl-alexandre/abc/internal/cli/cli.go:404.58,406.18 2 0
github.com/dl-alexandre/abc/internal/cli/cli.go:406.18,408.3 1 0
github.com/dl-alexandre/abc/internal/cli/cli.go:410.2,411.18 2 0
github.com/dl-alexandre/abc/internal/cli/cli.go:411.18,413.3 1 0
github.com/dl-alexandre/abc/internal/cli/cli.go:414.2,414.19 1 0
github.com/dl-alexandre/abc/internal/cli/cli.go:414.19,416.3 1 0
github.com/dl-alexandre/abc/internal/cli/cli.go:418.2,420.16 3 0
github.com/dl-alexandre/abc/internal/cli/cli.go:420.16,422.3 1 0
github.com/dl-alexandre/abc/internal/cli/cli.go:424.2,425.39 2 0
github.com/dl-alexandre/abc/internal/cli/cli.go:434.58,435.16 1 0
github.com/dl-alexandre/abc/internal/cli/cli.go:435.16,438.3 2 0
github.com/dl-alexandre/abc/internal/cli/cli.go:440.2,441.65 2 0
github.com/dl-alexandre/abc/internal/cli/cli.go:441.65,443.3 1 0
github.com/dl-alexandre/abc/internal/cli/cli.go:445.2,446.12 2 0
github.com/dl-alexandre/abc/internal/cli/cli.go:464.56,467.16 2 0
github.com/dl-alexandre/abc/internal/cli/cli.go:467.16,469.3 1 0
github.com/dl-alexandre/abc/internal/cli/cli.go:471.2,472.16 2 0
github.com/dl-alexandre/abc/internal/cli/cli.go:472.16,474.3 1 0
github.com/dl-alexandre/abc/internal/cli/cli.go:476.2,481.33 4 0
github.com/dl-alexandre/abc/internal/cli/cli.go:481.33,483.23 2 0
github.com/dl-alexandre/abc/internal/cli/cli.go:483.23,485.4 1 0
github.com/dl-alexandre/abc/internal/cli/cli.go:486.3,486.66 1 0
github.com/dl-alexandre/abc/internal/cli/cli.go:489.2,492.22 3 0
github.com/dl-alexandre/abc/internal/cli/cli.go:492.22,494.3 1 0
github.com/dl-alexandre/abc/internal/cli/cli.go:497.2,499.16 3 0
github.com/dl-alexandre/abc/internal/cli/cli.go:499.16,501.3 1 0
github.com/dl-alexandre/abc/internal/cli/cli.go:503.2,513.14 5 0
github.com/dl-alexandre/abc/internal/cli/cli.go:513.14,516.3 2 0
github.com/dl-alexandre/abc/internal/cli/cli.go:519.2,519.50 1 0
github.com/dl-alexandre/abc/internal/cli/cli.go:519.50,522.3 2 0
github.com/dl-alexandre/abc/internal/cli/cli.go:525.2,541.30 3 0
github.com/dl-alexandre/abc/internal/cli/cli.go:541.30,544.3 2 0
github.com/dl-alexandre/abc/internal/cli/cli.go:545.2,545.30 1 0
github.com/dl-alexandre/abc/internal/cli/cli.go:545.30,548.3 2 0
github.com/dl-alexandre/abc/internal/cli/cli.go:549.2,549.30 1 0
github.com/dl-alexandre/abc/internal/cli/cli.go:549.30,552.3 2 0
github.com/dl-alexandre/abc/internal/cli/cli.go:554.2,555.25 2 0
github.com/dl-alexandre/abc/internal/cli/cli.go:555.25,561.3 5 0
github.com/dl-alexandre/abc/internal/cli/cli.go:564.2,564.16 1 0
github.com/dl-alexandre/abc/internal/cli/cli.go:564.16,568.41 4 0
github.com/dl-alexandre/abc/internal/cli/cli.go:568.41,571.4 2 0
github.com/dl-alexandre/abc/internal/cli/cli.go:575.2,576.40 2 0
github.com/dl-alexandre/abc/internal/cli/cli.go:576.40,577.75 1 0
github.com/dl-alexandre/abc/internal/cli/cli.go:577.75,579.4 1 0
github.com/dl-alexandre/abc/internal/cli/cli.go:583.2,592.16 4 0
github.com/dl-alexandre/abc/internal/cli/cli.go:592.16,594.3 1 0
github.com/dl-alexandre/abc/internal/cli/cli.go:597.2,597.41 1 0
github.com/dl-alexandre/abc/internal/cli/cli.go:597.41,598.23 1 0
github.com/dl-alexandre/abc/internal/cli/cli.go:598.23,601.4 1 0
github.com/dl-alexandre/abc/internal/cli/cli.go:601.9,603.4 1 0
github.com/dl-alexandre/abc/internal/cli/cli.go:606.2,608.27 2 0
github.com/dl-alexandre/abc/internal/cli/cli.go:608.27,610.3 1 0
github.com/dl-alexandre/abc/internal/cli/cli.go:612.2,612.12 1 0
github.com/dl-alexandre/abc/internal/cli/cli.go:633.56,635.18 2 0
github.com/dl-alexandre/abc/internal/cli/cli.go:635.18,637.3 1 0
github.com/dl-alexandre/abc/internal/cli/cli.go:639.2,641.16 3 0
github.com/dl-alexandre/abc/internal/cli/cli.go:641.16,643.3 1 0
github.com/dl-alexandre/abc/internal/cli/cli.go:645.2,646.47 2 0
github.com/dl-alexandre/abc/internal/cli/cli.go:656.55,658.18 2 0
github.com/dl-alexandre/abc/internal/cli/cli.go:658.18,660.3 1 0
github.com/dl-alexandre/abc/internal/cli/cli.go:662.2,664.16 3 0
github.com/dl-alexandre/abc/internal/cli/cli.go:664.16,666.3 1 0
github.com/dl-alexandre/abc/internal/cli/cli.go:668.2,669.40 2 0
github.com/dl-alexandre/abc/internal/cli/cli.go:681.58,683.18 2 0
github.com/dl-alexandre/abc/internal/cli/cli.go:683.18,685.3 1 0
github.com/dl-alexandre/abc/internal/cli/cli.go:687.2,692.25 2 0
github.com/dl-alexandre/abc/internal/cli/cli.go:692.25,694.3 1 0
github.com/dl-alexandre/abc/internal/cli/cli.go:696.2,698.16 3 0
github.com/dl-alexandre/abc/internal/cli/cli.go:698.16,700.3 1 0
github.com/dl-alexandre/abc/internal/cli/cli.go:702.2,703.39 2 0
github.com/dl-alexandre/abc/internal/cli/cli.go:715.58,717.18 2 0
github.com/dl-alexandre/abc/internal/cli/cli.go:717.18,719.3 1 0
github.com/dl-alexandre/abc/internal/cli/cli.go:721.2,722.19 2 0
github.com/dl-alexandre/abc/internal/cli/cli.go:722.19,724.3 1 0
github.com/dl-alexandre/abc/internal/cli/cli.go:725.2,725.25 1 0
github.com/dl-alexandre/abc/internal/cli/cli.go:725.25,727.3 1 0
github.com/dl-alexandre/abc/internal/cli/cli.go:729.2,731.16 3 0
github.com/dl-alexandre/abc/internal/cli/cli.go:731.16,733.3 1 0
github.com/dl-alexandre/abc/internal/cli/cli.go:735.2,736.39 2 0
github.com/dl-alexandre/abc/internal/cli/cli.go:746.58,747.16 1 0
github.com/dl-alexandre/abc/internal/cli/cli.go:747.16,750.3 2 0
github.com/dl-alexandre/abc/internal/cli/cli.go:752.2,753.87 2 0
github.com/dl-alexandre/abc/internal/cli/cli.go:753.87,755.3 1 0
github.com/dl-alexandre/abc/internal/cli/cli.go:757.2,758.12 2 0
github.com/dl-alexandre/abc/internal/cli/cli.go:769.56,789.31 4 0
github.com/dl-alexandre/abc/internal/cli/cli.go:789.31,791.40 2 0
github.com/dl-alexandre/abc/internal/cli/cli.go:791.40,793.4 1 0
github.com/dl-alexandre/abc/internal/cli/cli.go:794.3,794.50 1 0
github.com/dl-alexandre/abc/internal/cli/cli.go:798.2,799.16 2 0
github.com/dl-alexandre/abc/internal/cli/cli.go:799.16,801.3 1 0
github.com/dl-alexandre/abc/internal/cli/cli.go:804.2,813.16 3 0
github.com/dl-alexandre/abc/internal/cli/cli.go:813.16,815.3 1 0
github.com/dl-alexandre/abc/internal/cli/cli.go:817.2,820.41 4 0
github.com/dl-alexandre/abc/internal/cli/cli.go:820.41,822.3 1 0
github.com/dl-alexandre/abc/internal/cli/cli.go:823.2,823.33 1 0
github.com/dl-alexandre/abc/internal/cli/cli.go:823.33,825.3 1 0
github.com/dl-alexandre/abc/internal/cli/cli.go:827.2,827.14 1 0
github.com/dl-alexandre/abc/internal/cli/cli.go:827.14,830.3 2 0
github.com/dl-alexandre/abc/internal/cli/cli.go:832.2,834.12 3 0
github.com/dl-alexandre/abc/internal/cli/cli.go:851.54,853.18 2 0
github.com/dl-alexandre/abc/internal/cli/cli.go:853.18,855.3 1 0
github.com/dl-alexandre/abc/internal/cli/cli.go:857.2,859.16 3 0
github.com/dl-alexandre/abc/internal/cli/cli.go:859.16,861.3 1 0
github.com/dl-alexandre/abc/internal/cli/cli.go:863.2,864.45 2 0
github.com/dl-alexandre/abc/internal/cli/cli.go:873.49,881.16 5 0
github.com/dl-alexandre/abc/internal/cli/cli.go:881.16,883.3 1 0
github.com/dl-alexandre/abc/internal/cli/cli.go:885.2,893.32 6 0
github.com/dl-alexandre/abc/internal/cli/cli.go:893.32,894.33 1 0
github.com/dl-alexandre/abc/internal/cli/cli.go:895.19,896.14 1 0
github.com/dl-alexandre/abc/internal/cli/cli.go:897.18,898.13 1 0
github.com/dl-alexandre/abc/internal/cli/cli.go:899.19,900.14 1 0
github.com/dl-alexandre/abc/internal/cli/cli.go:901.11,902.11 1 0
github.com/dl-alexandre/abc/internal/cli/cli.go:907.2,910.17 4 0
github.com/dl-alexandre/abc/internal/cli/cli.go:910.17,912.3 1 0
github.com/dl-alexandre/abc/internal/cli/cli.go:913.2,913.18 1 0
github.com/dl-alexandre/abc/internal/cli/cli.go:913.18,915.3 1 0
github.com/dl-alexandre/abc/internal/cli/cli.go:916.2,916.15 1 0
github.com/dl-alexandre/abc/internal/cli/cli.go:916.15,918.3 1 0
github.com/dl-alexandre/abc/internal/cli/cli.go:921.2,921.18 1 0
github.com/dl-alexandre/abc/internal/cli/cli.go:921.18,923.3 1 0
github.com/dl-alexandre/abc/internal/cli/cli.go:923.8,923.24 1 0
github.com/dl-alexandre/abc/internal/cli/cli.go:923.24,925.3 1 0
github.com/dl-alexandre/abc/internal/cli/cli.go:925.8,925.31 1 0
github.com/dl-alexandre/abc/internal/cli/cli.go:925.31,927.3 1 0
github.com/dl-alexandre/abc/internal/cli/cli.go:930.2,930.37 1 0
github.com/dl-alexandre/abc/internal/cli/cli.go:930.37,932.33 2 0
github.com/dl-alexandre/abc/internal/cli/cli.go:932.33,935.4 2 0
github.com/dl-alexandre/abc/internal/cli/cli.go:939.2,948.12 7 0
github.com/dl-alexandre/abc/internal/cli/cli.go:951.43,952.16 1 0
github.com/dl-alexandre/abc/internal/cli/cli.go:953.18,954.15 1 0
github.com/dl-alexandre/abc/internal/cli/cli.go:955.17,956.15 1 0
github.com/dl-alexandre/abc/internal/cli/cli.go:957.18,958.15 1 0
github.com/dl-alexandre/abc/internal/cli/cli.go:959.10,960.16 1 0
github.com/dl-alexandre/abc/internal/cli/cli.go:975.52,976.20 1 0
github.com/dl-alexandre/abc/internal/cli/cli.go:976.20,978.3 1 0
github.com/dl-alexandre/abc/internal/cli/cli.go:981.2,981.34 1 0
github.com/dl-alexandre/abc/internal/cli/cli.go:981.34,983.3 1 0
github.com/dl-alexandre/abc/internal/cli/cli.go:985.2,995.27 5 0
github.com/dl-alexandre/abc/internal/cli/cli.go:995.27,997.28 2 0
github.com/dl-alexandre/abc/internal/cli/cli.go:997.28,1001.4 3 0
github.com/dl-alexandre/abc/internal/cli/cli.go:1001.9,1001.84 1 0
github.com/dl-alexandre/abc/internal/cli/cli.go:1001.84,1003.4 1 0
github.com/dl-alexandre/abc/internal/cli/cli.go:1004.3,1004.28 1 0
github.com/dl-alexandre/abc/internal/cli/cli.go:1004.28,1006.4 1 0
github.com/dl-alexandre/abc/internal/cli/cli.go:1007.3,1008.80 2 0
github.com/dl-alexandre/abc/internal/cli/cli.go:1011.2,1011.12 1 0
github.com/dl-alexandre/abc/internal/cli/cli.go:1019.51,1029.2 9 0
github.com/dl-alexandre/abc/internal/cli/cli.go:1034.34,1037.2 1 0
github.com/dl-alexandre/abc/internal/cli/cli.go:1044.37,1045.17 1 0
github.com/dl-alexandre/abc/internal/cli/cli.go:1046.14,1049.55 3 0
github.com/dl-alexandre/abc/internal/cli/cli.go:1050.13,1053.38 3 0
github.com/dl-alexandre/abc/internal/cli/cli.go:1054.14,1056.64 2 0
github.com/dl-alexandre/abc/internal/cli/cli.go:1057.20,1059.83 2 0
github.com/dl-alexandre/abc/internal/cli/cli.go:1062.2,1062.12 1 0
